This is pdfTeX, Version 3.141592653-2.6-1.40.24 (TeX Live 2022/Homebrew) (preloaded format=latex 2022.9.2)  12 SEP 2022 09:28
entering extended mode
 restricted \write18 enabled.
 %&-line parsing enabled.
**./equal_superpos
(./equal_superpos.tex
LaTeX2e <2021-11-15> patch level 1
L3 programming layer <2022-02-24>
(/usr/local/Cellar/texlive/20220321_3/share/texmf-dist/tex/latex/base/article.c
ls
Document Class: article 2021/10/04 v1.4n Standard LaTeX document class

(/usr/local/Cellar/texlive/20220321_3/share/texmf-dist/tex/latex/base/size11.cl
o
File: size11.clo 2021/10/04 v1.4n Standard LaTeX file (size option)
)
\c@part=\count185
\c@section=\count186
\c@subsection=\count187
\c@subsubsection=\count188
\c@paragraph=\count189
\c@subparagraph=\count190
\c@figure=\count191
\c@table=\count192
\abovecaptionskip=\skip47
\belowcaptionskip=\skip48
\bibindent=\dimen138
) (./xyqcirc.tex
(/usr/local/Cellar/texlive/20220321_3/share/texmf-dist/tex/latex/graphics/graph
icx.sty
Package: graphicx 2021/09/16 v1.2d Enhanced LaTeX Graphics (DPC,SPQR)

(/usr/local/Cellar/texlive/20220321_3/share/texmf-dist/tex/latex/graphics/keyva
l.sty
Package: keyval 2014/10/28 v1.15 key=value parser (DPC)
\KV@toks@=\toks16
)
(/usr/local/Cellar/texlive/20220321_3/share/texmf-dist/tex/latex/graphics/graph
ics.sty
Package: graphics 2021/03/04 v1.4d Standard LaTeX Graphics (DPC,SPQR)

(/usr/local/Cellar/texlive/20220321_3/share/texmf-dist/tex/latex/graphics/trig.
sty
Package: trig 2021/08/11 v1.11 sin cos tan (DPC)
)
(/usr/local/Cellar/texlive/20220321_3/share/texmf-dist/tex/latex/graphics-cfg/g
raphics.cfg
File: graphics.cfg 2016/06/04 v1.11 sample graphics configuration
)
Package graphics Info: Driver file: dvips.def on input line 107.

(/usr/local/Cellar/texlive/20220321_3/share/texmf-dist/tex/latex/graphics-def/d
vips.def
File: dvips.def 2017/06/20 v3.1d Graphics/color driver for dvips
))
\Gin@req@height=\dimen139
\Gin@req@width=\dimen140
)
(/usr/local/Cellar/texlive/20220321_3/share/texmf-dist/tex/generic/xypic/xy.sty

(/usr/local/Cellar/texlive/20220321_3/share/texmf-dist/tex/generic/xypic/xy.tex
Bootstrap'ing: catcodes, docmode,
(/usr/local/Cellar/texlive/20220321_3/share/texmf-dist/tex/generic/xypic/xyreca
t.tex)
(/usr/local/Cellar/texlive/20220321_3/share/texmf-dist/tex/generic/xypic/xyidio
ms.tex)

 Xy-pic version 3.8.9 <2013/10/06>
 Copyright (c) 1991-2013 by Kristoffer H. Rose <krisrose@tug.org> and others
 Xy-pic is free software: see the User's Guide for details.

Loading kernel: messages; fonts; allocations: state,
\X@c=\dimen141
\Y@c=\dimen142
\U@c=\dimen143
\D@c=\dimen144
\L@c=\dimen145
\R@c=\dimen146
\Edge@c=\toks17
\X@p=\dimen147
\Y@p=\dimen148
\U@p=\dimen149
\D@p=\dimen150
\L@p=\dimen151
\R@p=\dimen152
\Edge@p=\toks18
\X@origin=\dimen153
\Y@origin=\dimen154
\X@xbase=\dimen155
\Y@xbase=\dimen156
\X@ybase=\dimen157
\Y@ybase=\dimen158
\X@min=\dimen159
\Y@min=\dimen160
\X@max=\dimen161
\Y@max=\dimen162
\lastobjectbox@=\box50
\zerodotbox@=\box51
\almostz@=\dimen163
 direction,
\d@X=\dimen164
\d@Y=\dimen165
\K@=\count193
\KK@=\count194
\Direction=\count195
\K@dXdY=\dimen166
\K@dYdX=\dimen167
\xyread@=\read2
\xywrite@=\write3
\csp@=\count196
\quotPTK@=\dimen168

utility macros; pictures: \xy, positions,
\swaptoks@@=\toks19
\connectobjectbox@@=\box52
 objects,
\styletoks@=\toks20
 decorations;
kernel objects: directionals, circles, text; options; algorithms: directions,
edges, connections;  Xy-pic loaded)
(/usr/local/Cellar/texlive/20220321_3/share/texmf-dist/tex/generic/iftex/ifpdf.
sty
Package: ifpdf 2019/10/25 v3.4 ifpdf legacy package. Use iftex instead.

(/usr/local/Cellar/texlive/20220321_3/share/texmf-dist/tex/generic/iftex/iftex.
sty
Package: iftex 2022/02/03 v1.0f TeX engine tests
))
Package: xy 2013/10/06 Xy-pic version 3.8.9

(/usr/local/Cellar/texlive/20220321_3/share/texmf-dist/tex/generic/xypic/xyfram
e.tex  Xy-pic option: Frame and Bracket extension v.3.14 loaded)
(/usr/local/Cellar/texlive/20220321_3/share/texmf-dist/tex/generic/xypic/xyline
.tex  Xy-pic option: Line styles extension v.3.10
\xylinethick@=\dimen169
 loaded)
(/usr/local/Cellar/texlive/20220321_3/share/texmf-dist/tex/generic/xypic/xyarro
w.tex  Xy-pic option: Arrow and Path feature v.3.9 path, \ar, loaded)
(/usr/local/Cellar/texlive/20220321_3/share/texmf-dist/tex/generic/xypic/xymatr
ix.tex  Xy-pic option: Matrix feature v.3.14
\Row=\count197
\Col=\count198
\queue@=\toks21
\queue@@=\toks22
\qcount@=\count199
\qcount@@=\count266
\matrixsize@=\count267
 loaded)
(/usr/local/Cellar/texlive/20220321_3/share/texmf-dist/tex/generic/xypic/xytips
.tex  Xy-pic option: More Tips extension v.3.11 loaded))
\@indexfile=\write4
\openout4 = `equal_superpos.idx'.


Writing index file equal_superpos.idx

(/usr/local/Cellar/texlive/20220321_3/share/texmf-dist/tex/latex/l3backend/l3ba
ckend-dvips.def
File: l3backend-dvips.def 2022-02-07 L3 backend support: dvips
\l__pdf_internal_box=\box53
\g__pdf_backend_object_int=\count268
\l__pdf_backend_content_box=\box54
\l__pdf_backend_model_box=\box55
\g__pdf_backend_annotation_int=\count269
\g__pdf_backend_link_int=\count270
\g__pdf_backend_link_sf_int=\count271
) (./equal_superpos.aux)
\openout1 = `equal_superpos.aux'.

LaTeX Font Info:    Checking defaults for OML/cmm/m/it on input line 80.
LaTeX Font Info:    ... okay on input line 80.
LaTeX Font Info:    Checking defaults for OMS/cmsy/m/n on input line 80.
LaTeX Font Info:    ... okay on input line 80.
LaTeX Font Info:    Checking defaults for OT1/cmr/m/n on input line 80.
LaTeX Font Info:    ... okay on input line 80.
LaTeX Font Info:    Checking defaults for T1/cmr/m/n on input line 80.
LaTeX Font Info:    ... okay on input line 80.
LaTeX Font Info:    Checking defaults for TS1/cmr/m/n on input line 80.
LaTeX Font Info:    ... okay on input line 80.
LaTeX Font Info:    Checking defaults for OMX/cmex/m/n on input line 80.
LaTeX Font Info:    ... okay on input line 80.
LaTeX Font Info:    Checking defaults for U/cmr/m/n on input line 80.
LaTeX Font Info:    ... okay on input line 80.
\sbox=\box56
) <xymatrix
LaTeX Font Info:    External font `cmex10' loaded for size
(Font)              <10.95> on input line 73.
LaTeX Font Info:    External font `cmex10' loaded for size
(Font)              <8> on input line 73.
LaTeX Font Info:    External font `cmex10' loaded for size
(Font)              <6> on input line 73.
 4x6 787> [1

]
(./equal_superpos.aux) ) 
Here is how much of TeX's memory you used:
 2553 strings out of 478269
 35218 string characters out of 5836890
 367105 words of memory out of 5000000
 20772 multiletter control sequences out of 15000+600000
 473447 words of font info for 46 fonts, out of 8000000 for 9000
 1141 hyphenation exceptions out of 8191
 60i,12n,65p,209b,338s stack positions out of 10000i,1000n,20000p,200000b,200000s

Output written on equal_superpos.dvi (1 page, 2124 bytes).
